2021-10-12 02:29:48 ERROR Contents:13 - This title or number has already been registered!
2021-10-12 02:45:24 ERROR Contents:13 - This title or number has already been registered!
2021-10-12 02:50:14 ERROR Contents:13 - This title or number has already been registered!
2021-10-12 02:50:18 ERROR Contents:13 - This title or number has already been registered!
2021-10-12 02:51:04 ERROR Contents:13 - This title has already been registered!
2021-10-12 19:07:50 ERROR Contents:13 - An error occurred during the operation!
2021-10-12 19:07:59 ERROR Contents:13 - An error occurred during the operation!
2021-10-12 19:08:40 ERROR Contents:13 - An error occurred during the operation!
2021-10-12 19:12:09 ERROR Contents:13 - An error occurred during the operation!
2021-10-12 19:13:49 ERROR Contents:13 - An error occurred during the operation!
2021-10-12 19:15:12 ERROR Contents:13 - An error occurred during the operation!
2021-10-12 22:15:38 ERROR Contents:13 - This title has already been registered!
2021-10-13 13:06:09 ERROR Contents:13 - This title has already been registered!
2021-10-13 13:08:55 ERROR Contents:13 - This title has already been registered!
2021-10-13 13:58:38 ERROR Contents:13 - This title has already been registered!
2021-10-13 13:59:39 ERROR Contents:13 - This title has already been registered!
2021-10-13 14:02:23 ERROR Contents:13 - This title has already been registered!
2021-10-13 14:06:07 ERROR Contents:13 - This title has already been registered!
2021-10-13 14:09:35 ERROR Contents:13 - This title has already been registered!
2021-10-13 16:11:14 ERROR Contents:13 - An error occurred during the operation!
2021-10-13 17:16:03 ERROR Contents:13 - This title has already been registered!
2021-10-13 17:47:29 ERROR Contents:13 - An error occurred during the search operation!
2021-10-13 17:47:29 ERROR Contents:13 - An error occurred during the search operation!
2021-10-13 17:47:32 ERROR Contents:13 - An error occurred during the search operation!
2021-10-13 17:47:32 ERROR Contents:13 - An error occurred during the search operation!
2021-10-13 17:47:41 ERROR Contents:13 - An error occurred during the search operation!
2021-10-13 17:47:41 ERROR Contents:13 - An error occurred during the search operation!
2021-10-13 17:47:41 ERROR Contents:13 - An error occurred during the search operation!
2021-10-13 17:54:06 ERROR Contents:13 - An error occurred during the search operation!
2021-10-13 17:54:06 ERROR Contents:13 - An error occurred during the search operation!
2021-10-13 17:54:06 ERROR Contents:13 - An error occurred during the search operation!
2021-10-13 17:54:27 ERROR Contents:13 - An error occurred during the search operation!
2021-10-13 17:54:29 ERROR Contents:13 - An error occurred during the search operation!
2021-10-13 17:54:29 ERROR Contents:13 - An error occurred during the search operation!
2021-10-13 17:54:29 ERROR Contents:13 - An error occurred during the search operation!
2021-10-13 17:54:29 ERROR Contents:13 - An error occurred during the search operation!
2021-10-13 17:55:39 ERROR Contents:13 - An error occurred during the search operation!
2021-10-13 17:55:39 ERROR Contents:13 - An error occurred during the search operation!
2021-10-13 17:55:39 ERROR Contents:13 - An error occurred during the search operation!
2021-10-13 17:55:39 ERROR Contents:13 - An error occurred during the search operation!
2021-10-13 17:55:40 ERROR Contents:13 - An error occurred during the search operation!
2021-10-13 17:56:27 ERROR Contents:13 - An error occurred during the search operation!
2021-10-13 17:56:27 ERROR Contents:13 - An error occurred during the search operation!
2021-10-13 17:56:27 ERROR Contents:13 - An error occurred during the search operation!
2021-10-13 17:56:27 ERROR Contents:13 - An error occurred during the search operation!
2021-10-13 17:56:27 ERROR Contents:13 - An error occurred during the search operation!
2021-10-13 17:56:48 ERROR Contents:13 - An error occurred during the search operation!
2021-10-13 17:56:48 ERROR Contents:13 - An error occurred during the search operation!
2021-10-13 17:56:51 ERROR Contents:13 - An error occurred during the search operation!
2021-10-13 17:56:51 ERROR Contents:13 - An error occurred during the search operation!
2021-10-13 17:57:31 ERROR Contents:13 - An error occurred during the search operation!
2021-10-13 17:57:31 ERROR Contents:13 - An error occurred during the search operation!
2021-10-13 17:57:38 ERROR Contents:13 - An error occurred during the search operation!
2021-10-13 17:57:39 ERROR Contents:13 - An error occurred during the search operation!
2021-10-13 17:57:40 ERROR Contents:13 - An error occurred during the search operation!
2021-10-13 17:57:46 ERROR Contents:13 - An error occurred during the search operation!
2021-10-13 17:57:46 ERROR Contents:13 - An error occurred during the search operation!
2021-10-13 17:57:46 ERROR Contents:13 - An error occurred during the search operation!
2021-10-13 17:57:47 ERROR Contents:13 - An error occurred during the search operation!
2021-10-13 17:57:48 ERROR Contents:13 - An error occurred during the search operation!
2021-10-13 17:57:49 ERROR Contents:13 - An error occurred during the search operation!
2021-10-13 17:57:49 ERROR Contents:13 - An error occurred during the search operation!
2021-10-14 00:09:44 ERROR ProductCategory:13 - This product category name has already been registered!
2021-10-14 23:25:52 ERROR Product:13 - Product is not found
2021-10-16 12:24:55 ERROR Product:17 - An error occurred during the image delete operation
2021-10-16 13:27:44 ERROR Product:17 - An error occurred during the image delete operation
2021-10-16 13:48:03 ERROR Product:17 - An error occurred during the image delete operation
2021-10-16 13:49:04 ERROR Product:17 - An error occurred during the image delete operation
2021-10-16 13:51:05 ERROR Product:17 - An error occurred during the image delete operation
2021-10-16 13:54:33 ERROR Product:17 - An error occurred during the image delete operation
2021-10-16 13:59:16 ERROR Product:17 - An error occurred during the image delete operation
2021-10-16 14:09:41 ERROR Product:17 - An error occurred during the image delete operation
2021-10-16 18:27:54 ERROR Product:17 - An error occurred during the operation!
2021-10-16 18:29:06 ERROR Product:17 - An error occurred during the operation!
2021-10-16 18:29:53 ERROR Product:17 - An error occurred during the operation!
2021-10-16 18:41:29 ERROR Product:17 - An error occurred during the operation!
2021-10-17 01:42:07 ERROR Contents:17 - An error occurred during the operation!
2021-10-22 14:38:19 ERROR Product:27 - An error occurred during the operation!
2021-10-22 17:58:38 ERROR Announcement:27 - An error occurred in Daily Announcment Listing listing operation!
2021-10-22 18:00:46 ERROR Announcement:27 - An error occurred in Daily Announcment Listing listing operation!
2021-10-22 18:01:31 ERROR Announcement:27 - An error occurred in Daily Announcment Listing listing operation!
2021-10-22 18:03:24 ERROR Announcement:27 - An error occurred in Daily Announcment Listing listing operation!
2021-10-23 01:19:10 ERROR News:27 - An error occurred during the operation!
2021-10-23 01:20:48 ERROR News:27 - An error occurred during the operation!
2021-10-23 01:20:56 ERROR News:27 - An error occurred during the operation!
2021-10-23 01:25:16 ERROR News:27 - An error occurred during the operation!
2021-10-23 01:35:11 ERROR News:27 - An error occurred during the operation!
2021-10-23 01:37:25 ERROR SurveyOption:27 - This title has already been registered!
2021-10-23 01:37:29 ERROR SurveyOption:27 - This title has already been registered!
2021-10-23 01:38:20 ERROR SurveyOption:27 - This title has already been registered!
2021-10-23 01:39:06 ERROR SurveyOption:27 - This title has already been registered!
2021-10-23 01:41:12 ERROR SurveyOption:27 - This title has already been registered!
2021-10-23 01:41:58 ERROR SurveyOption:27 - This title has already been registered!
2021-10-23 01:43:40 ERROR SurveyOption:27 - This title has already been registered!
2021-10-23 02:00:10 ERROR SurveyOption:27 - This title has already been registered!
2021-10-23 02:02:08 ERROR Survey:27 - An error occurred during the operation!
2021-10-23 02:02:42 ERROR SurveyOption:27 - This title has already been registered!
2021-10-23 20:25:00 ERROR SurveyOption:27 - This title has already been registered!
2021-10-23 21:14:06 ERROR Product:27 - An error occurred during the operation!
2021-10-23 21:19:06 ERROR Product:27 - An error occurred during the operation!
2021-10-23 21:20:51 ERROR News:27 - An error occurred during the operation!
2021-10-23 22:50:12 ERROR News:27 - An error occurred during the operation!
2021-10-24 01:08:46 ERROR Product:27 - An error occurred during the operation!
2021-10-24 01:09:35 ERROR Product:27 - An error occurred during the operation!
2021-10-24 01:20:04 ERROR Product:27 - An error occurred during the operation!
2021-10-24 01:20:05 ERROR Product:27 - An error occurred during the operation!
2021-10-24 01:20:05 ERROR Product:27 - An error occurred during the operation!
2021-10-24 01:20:06 ERROR Product:27 - An error occurred during the operation!
2021-10-24 01:20:06 ERROR Product:27 - An error occurred during the operation!
2021-10-24 01:20:08 ERROR Product:27 - An error occurred during the operation!
2021-10-24 12:20:30 ERROR Product:27 - An error occurred during the operation!
2021-10-24 12:20:36 ERROR News:27 - An error occurred during the operation!
2021-10-24 23:03:04 ERROR Product:27 - An error occurred during the operation!
2021-10-24 23:14:04 ERROR Survey:27 - Survey not found
2021-10-24 23:14:10 ERROR Survey:27 - Survey not found
2021-10-24 23:16:11 ERROR Survey:27 - An error occurred during the delete operation
2021-10-24 23:16:17 ERROR Survey:27 - An error occurred during the delete operation
2021-10-24 23:16:22 ERROR Survey:27 - An error occurred during the delete operation
2021-10-24 23:17:36 ERROR Survey:27 - Survey not found
2021-10-24 23:17:41 ERROR Survey:27 - Survey not found
2021-10-24 23:20:51 ERROR Survey:27 - An error occurred during the delete operation
2021-10-24 23:20:56 ERROR Survey:27 - An error occurred during the delete operation
2021-10-24 23:24:36 ERROR Survey:27 - An error occurred during the delete operation
2021-10-24 23:24:40 ERROR Survey:27 - An error occurred during the delete operation
2021-10-24 23:24:44 ERROR Survey:27 - Survey not found
2021-10-24 23:30:10 ERROR Survey:27 - An error occurred during the delete operation
2021-10-24 23:30:14 ERROR Survey:27 - An error occurred during the delete operation
2021-10-24 23:30:21 ERROR Survey:27 - An error occurred during the delete operation
2021-10-24 23:30:37 ERROR Survey:27 - Survey not found
2021-10-24 23:30:40 ERROR Survey:27 - Survey not found
2021-10-24 23:30:44 ERROR Survey:27 - Survey not found
2021-10-24 23:30:46 ERROR Survey:27 - Survey not found
2021-10-24 23:33:29 ERROR Survey:27 - Survey not found
2021-10-24 23:33:32 ERROR Survey:27 - Survey not found
2021-10-24 23:44:56 ERROR Survey:27 - An error occurred during the operation!
2021-10-24 23:44:56 ERROR Survey:27 - An error occurred during the operation!
2021-10-24 23:48:19 ERROR Survey:27 - Survey not found
2021-10-24 23:48:24 ERROR Survey:27 - Survey not found
2021-10-24 23:48:33 ERROR Survey:27 - Survey not found
2021-10-24 23:56:00 ERROR SurveyOption:27 - This title has already been registered!
2021-10-24 23:56:02 ERROR SurveyOption:27 - This title has already been registered!
2021-10-24 23:59:31 ERROR Survey:27 - Survey not found
2021-10-24 23:59:47 ERROR Survey:27 - Survey not found
2021-10-25 10:16:22 ERROR News:27 - An error occurred during the operation!
2021-10-25 10:29:58 ERROR News:27 - An error occurred during the operation!
2021-10-25 10:33:19 ERROR News:27 - An error occurred during the operation!
2021-10-25 10:33:56 ERROR Product:27 - An error occurred during the operation!
2021-10-25 10:38:00 ERROR News:27 - An error occurred during the operation!
2021-10-25 10:54:25 ERROR News:27 - An error occurred during the operation!
2021-10-25 10:55:46 ERROR News:27 - An error occurred during the operation!
2021-10-25 10:55:55 ERROR News:27 - An error occurred during the operation!
2021-10-25 11:07:06 ERROR News:27 - An error occurred during the operation!
2021-10-25 11:07:14 ERROR News:27 - An error occurred during the image delete operation
2021-10-25 11:08:03 ERROR News:27 - An error occurred during the image delete operation
2021-10-25 11:08:13 ERROR News:27 - An error occurred during the image delete operation
2021-10-25 11:08:17 ERROR News:27 - An error occurred during the operation!
2021-10-25 11:12:13 ERROR News:27 - An error occurred during the operation!
2021-10-25 11:13:10 ERROR News:27 - An error occurred during the operation!
2021-10-25 11:14:03 ERROR News:27 - An error occurred during the operation!
2021-10-25 11:14:40 ERROR News:27 - An error occurred during the operation!
2021-10-25 11:44:23 ERROR News:27 - An error occurred during the operation!
2021-10-25 11:45:16 ERROR News:27 - An error occurred during the operation!
2021-10-25 14:31:39 ERROR News:27 - An error occurred during the operation!
2021-10-25 14:33:41 ERROR News:27 - An error occurred during the operation!
2021-10-25 14:33:59 ERROR News:27 - An error occurred during the operation!
2021-10-25 23:39:32 ERROR News:27 - An error occurred during the operation!
2021-10-25 23:42:20 ERROR News:27 - An error occurred during the operation!
2021-10-25 23:42:50 ERROR News:27 - An error occurred during the operation!
2021-10-25 23:43:08 ERROR News:27 - An error occurred during the operation!
2021-10-25 23:44:49 ERROR News:27 - An error occurred during the operation!
2021-10-25 23:44:52 ERROR News:27 - An error occurred during the operation!
2021-10-25 23:45:11 ERROR News:27 - An error occurred during the operation!
2021-10-26 00:19:55 ERROR Product:27 - An error occurred during the operation!
2021-10-26 01:04:06 ERROR News:27 - An error occurred during the operation!
2021-10-26 01:59:16 ERROR GalleryCategory:28 - An error occurred during the operation!
2021-10-26 02:02:15 ERROR GalleryCategory:28 - An error occurred during the operation!
2021-10-26 02:02:17 ERROR GalleryCategory:28 - An error occurred during the operation!
2021-10-26 02:02:54 ERROR GalleryCategory:28 - An error occurred during the operation!
2021-10-26 02:03:30 ERROR GalleryCategory:28 - An error occurred during the operation!
2021-10-26 02:04:32 ERROR GalleryCategory:28 - An error occurred during the operation!
2021-10-26 02:04:58 ERROR GalleryCategory:28 - An error occurred during the operation!
2021-10-26 02:05:55 ERROR GalleryCategory:28 - An error occurred during the operation!
2021-10-26 02:06:21 ERROR GalleryCategory:28 - An error occurred during the operation!
2021-10-26 02:07:12 ERROR Gallery:28 - An error occurred during the image delete operation
2021-10-26 02:10:32 ERROR GalleryCategory:28 - An error occurred during the operation!
2021-10-26 02:11:32 ERROR News:28 - An error occurred during the operation!
2021-10-26 02:11:39 ERROR News:28 - An error occurred during the operation!
2021-10-26 02:12:07 ERROR News:28 - An error occurred during the operation!
2021-10-26 02:13:55 ERROR News:28 - An error occurred during the operation!
2021-10-26 02:14:42 ERROR News:28 - An error occurred during the operation!
2021-10-26 02:14:52 ERROR GalleryCategory:28 - An error occurred during the operation!
2021-10-26 02:18:05 ERROR News:28 - An error occurred during the operation!
2021-10-26 02:18:12 ERROR GalleryCategory:28 - An error occurred during the operation!
2021-10-26 02:19:11 ERROR GalleryCategory:28 - An error occurred during the operation!
2021-10-26 02:20:08 ERROR GalleryCategory:28 - An error occurred during the operation!
2021-10-26 02:21:43 ERROR News:28 - An error occurred during the operation!
2021-10-26 02:22:29 ERROR GalleryCategory:28 - An error occurred during the operation!
2021-10-26 02:22:31 ERROR News:28 - An error occurred during the operation!
2021-10-26 02:22:34 ERROR News:28 - An error occurred during the operation!
2021-10-26 02:22:47 ERROR GalleryCategory:28 - An error occurred during the operation!
2021-10-26 02:22:59 ERROR News:28 - An error occurred during the operation!
2021-10-26 02:23:41 ERROR News:28 - An error occurred during the operation!
2021-10-26 02:24:30 ERROR News:28 - An error occurred during the operation!
2021-10-26 02:24:49 ERROR News:28 - An error occurred during the operation!
2021-10-26 02:26:55 ERROR News:28 - An error occurred during the operation!
2021-10-26 02:27:48 ERROR GalleryCategory:28 - An error occurred during the operation!
2021-10-26 02:50:12 ERROR GalleryCategory:28 - An error occurred during the operation!
2021-10-26 02:50:19 ERROR News:28 - An error occurred during the operation!
2021-10-26 02:50:27 ERROR News:28 - An error occurred during the operation!
2021-10-26 03:23:34 ERROR News:28 - An error occurred during the operation!
2021-10-26 03:23:40 ERROR News:28 - An error occurred during the operation!
2021-10-26 03:23:45 ERROR News:28 - An error occurred during the operation!
2021-10-26 03:34:05 ERROR GalleryCategory:28 - An error occurred during the operation!
2021-10-26 03:34:10 ERROR News:28 - An error occurred during the operation!
2021-10-26 03:34:20 ERROR News:28 - An error occurred during the operation!
2021-10-26 03:34:40 ERROR GalleryCategory:28 - An error occurred during the operation!
2021-10-26 03:36:32 ERROR GalleryCategory:28 - An error occurred during the operation!
2021-10-26 03:36:45 ERROR News:28 - An error occurred during the operation!
2021-10-26 03:36:48 ERROR News:28 - An error occurred during the operation!
2021-10-26 03:36:53 ERROR News:28 - An error occurred during the operation!
2021-10-26 03:37:07 ERROR News:28 - An error occurred during the operation!
2021-10-26 10:36:33 ERROR Product:28 - An error occurred during the operation!
2021-10-26 10:38:25 ERROR Product:28 - An error occurred during the operation!
2021-10-26 10:39:50 ERROR GalleryCategory:28 - An error occurred during the operation!
2021-10-26 10:41:20 ERROR Gallery:28 - This gallery name has already been registered!
2021-10-26 10:41:55 ERROR GalleryCategory:28 - An error occurred during the operation!
2021-10-26 10:42:03 ERROR News:28 - An error occurred during the operation!
2021-10-26 10:42:11 ERROR News:28 - An error occurred during the operation!
2021-10-26 10:42:19 ERROR News:28 - An error occurred during the operation!
2021-10-26 10:42:24 ERROR News:28 - An error occurred during the operation!
2021-10-26 10:42:31 ERROR News:28 - An error occurred during the operation!
2021-10-26 10:43:03 ERROR News:28 - An error occurred during the operation!
2021-10-26 10:44:07 ERROR GalleryCategory:28 - An error occurred during the operation!
2021-10-26 10:44:56 ERROR News:28 - An error occurred during the operation!
2021-10-26 10:46:31 ERROR News:28 - An error occurred during the operation!
2021-10-26 10:47:30 ERROR News:28 - An error occurred during the operation!
2021-10-26 10:47:52 ERROR News:28 - An error occurred during the operation!
2021-10-26 10:48:12 ERROR News:28 - An error occurred during the operation!
