2021-10-12 02:29:48 ERROR Contents:13 - This title or number has already been registered!
2021-10-12 02:45:24 ERROR Contents:13 - This title or number has already been registered!
2021-10-12 02:50:14 ERROR Contents:13 - This title or number has already been registered!
2021-10-12 02:50:18 ERROR Contents:13 - This title or number has already been registered!
2021-10-12 02:51:04 ERROR Contents:13 - This title has already been registered!
2021-10-12 19:07:50 ERROR Contents:13 - An error occurred during the operation!
2021-10-12 19:07:59 ERROR Contents:13 - An error occurred during the operation!
2021-10-12 19:08:40 ERROR Contents:13 - An error occurred during the operation!
2021-10-12 19:12:09 ERROR Contents:13 - An error occurred during the operation!
2021-10-12 19:13:49 ERROR Contents:13 - An error occurred during the operation!
2021-10-12 19:15:12 ERROR Contents:13 - An error occurred during the operation!
2021-10-12 22:15:38 ERROR Contents:13 - This title has already been registered!
2021-10-13 13:06:09 ERROR Contents:13 - This title has already been registered!
2021-10-13 13:08:55 ERROR Contents:13 - This title has already been registered!
2021-10-13 13:58:38 ERROR Contents:13 - This title has already been registered!
2021-10-13 13:59:39 ERROR Contents:13 - This title has already been registered!
2021-10-13 14:02:23 ERROR Contents:13 - This title has already been registered!
2021-10-13 14:06:07 ERROR Contents:13 - This title has already been registered!
2021-10-13 14:09:35 ERROR Contents:13 - This title has already been registered!
2021-10-13 16:11:14 ERROR Contents:13 - An error occurred during the operation!
2021-10-13 17:16:03 ERROR Contents:13 - This title has already been registered!
2021-10-13 17:47:29 ERROR Contents:13 - An error occurred during the search operation!
2021-10-13 17:47:29 ERROR Contents:13 - An error occurred during the search operation!
2021-10-13 17:47:32 ERROR Contents:13 - An error occurred during the search operation!
2021-10-13 17:47:32 ERROR Contents:13 - An error occurred during the search operation!
2021-10-13 17:47:41 ERROR Contents:13 - An error occurred during the search operation!
2021-10-13 17:47:41 ERROR Contents:13 - An error occurred during the search operation!
2021-10-13 17:47:41 ERROR Contents:13 - An error occurred during the search operation!
2021-10-13 17:54:06 ERROR Contents:13 - An error occurred during the search operation!
2021-10-13 17:54:06 ERROR Contents:13 - An error occurred during the search operation!
2021-10-13 17:54:06 ERROR Contents:13 - An error occurred during the search operation!
2021-10-13 17:54:27 ERROR Contents:13 - An error occurred during the search operation!
2021-10-13 17:54:29 ERROR Contents:13 - An error occurred during the search operation!
2021-10-13 17:54:29 ERROR Contents:13 - An error occurred during the search operation!
2021-10-13 17:54:29 ERROR Contents:13 - An error occurred during the search operation!
2021-10-13 17:54:29 ERROR Contents:13 - An error occurred during the search operation!
2021-10-13 17:55:39 ERROR Contents:13 - An error occurred during the search operation!
2021-10-13 17:55:39 ERROR Contents:13 - An error occurred during the search operation!
2021-10-13 17:55:39 ERROR Contents:13 - An error occurred during the search operation!
2021-10-13 17:55:39 ERROR Contents:13 - An error occurred during the search operation!
2021-10-13 17:55:40 ERROR Contents:13 - An error occurred during the search operation!
2021-10-13 17:56:27 ERROR Contents:13 - An error occurred during the search operation!
2021-10-13 17:56:27 ERROR Contents:13 - An error occurred during the search operation!
2021-10-13 17:56:27 ERROR Contents:13 - An error occurred during the search operation!
2021-10-13 17:56:27 ERROR Contents:13 - An error occurred during the search operation!
2021-10-13 17:56:27 ERROR Contents:13 - An error occurred during the search operation!
2021-10-13 17:56:48 ERROR Contents:13 - An error occurred during the search operation!
2021-10-13 17:56:48 ERROR Contents:13 - An error occurred during the search operation!
2021-10-13 17:56:51 ERROR Contents:13 - An error occurred during the search operation!
2021-10-13 17:56:51 ERROR Contents:13 - An error occurred during the search operation!
2021-10-13 17:57:31 ERROR Contents:13 - An error occurred during the search operation!
2021-10-13 17:57:31 ERROR Contents:13 - An error occurred during the search operation!
2021-10-13 17:57:38 ERROR Contents:13 - An error occurred during the search operation!
2021-10-13 17:57:39 ERROR Contents:13 - An error occurred during the search operation!
2021-10-13 17:57:40 ERROR Contents:13 - An error occurred during the search operation!
2021-10-13 17:57:46 ERROR Contents:13 - An error occurred during the search operation!
2021-10-13 17:57:46 ERROR Contents:13 - An error occurred during the search operation!
2021-10-13 17:57:46 ERROR Contents:13 - An error occurred during the search operation!
2021-10-13 17:57:47 ERROR Contents:13 - An error occurred during the search operation!
2021-10-13 17:57:48 ERROR Contents:13 - An error occurred during the search operation!
2021-10-13 17:57:49 ERROR Contents:13 - An error occurred during the search operation!
2021-10-13 17:57:49 ERROR Contents:13 - An error occurred during the search operation!
2021-10-14 00:09:44 ERROR ProductCategory:13 - This product category name has already been registered!
2021-10-14 23:25:52 ERROR Product:13 - Product is not found
2021-10-16 12:24:55 ERROR Product:17 - An error occurred during the image delete operation
2021-10-16 13:27:44 ERROR Product:17 - An error occurred during the image delete operation
2021-10-16 13:48:03 ERROR Product:17 - An error occurred during the image delete operation
2021-10-16 13:49:04 ERROR Product:17 - An error occurred during the image delete operation
2021-10-16 13:51:05 ERROR Product:17 - An error occurred during the image delete operation
2021-10-16 13:54:33 ERROR Product:17 - An error occurred during the image delete operation
2021-10-16 13:59:16 ERROR Product:17 - An error occurred during the image delete operation
2021-10-16 14:09:41 ERROR Product:17 - An error occurred during the image delete operation
2021-10-16 18:27:54 ERROR Product:17 - An error occurred during the operation!
2021-10-16 18:29:06 ERROR Product:17 - An error occurred during the operation!
2021-10-16 18:29:53 ERROR Product:17 - An error occurred during the operation!
2021-10-16 18:41:29 ERROR Product:17 - An error occurred during the operation!
2021-10-17 01:42:07 ERROR Contents:17 - An error occurred during the operation!
